running develop
running egg_info
creating swarm_gan_slam.egg-info
writing swarm_gan_slam.egg-info/PKG-INFO
writing dependency_links to swarm_gan_slam.egg-info/dependency_links.txt
writing entry points to swarm_gan_slam.egg-info/entry_points.txt
writing requirements to swarm_gan_slam.egg-info/requires.txt
writing top-level names to swarm_gan_slam.egg-info/top_level.txt
writing manifest file 'swarm_gan_slam.egg-info/SOURCES.txt'
reading manifest file 'swarm_gan_slam.egg-info/SOURCES.txt'
writing manifest file 'swarm_gan_slam.egg-info/SOURCES.txt'
running build_ext
Creating /home/rahul/swarm_gan_slam_ws/install/swarm_gan_slam/lib/python3.10/site-packages/swarm-gan-slam.egg-link (link to .)
Installing dataset_generator script to /home/rahul/swarm_gan_slam_ws/install/swarm_gan_slam/lib/swarm_gan_slam
Installing gan_processor script to /home/rahul/swarm_gan_slam_ws/install/swarm_gan_slam/lib/swarm_gan_slam
Installing map_merger script to /home/rahul/swarm_gan_slam_ws/install/swarm_gan_slam/lib/swarm_gan_slam
Installing rover_controller script to /home/rahul/swarm_gan_slam_ws/install/swarm_gan_slam/lib/swarm_gan_slam

Installed /home/rahul/swarm_gan_slam_ws/build/swarm_gan_slam
running symlink_data
creating /home/rahul/swarm_gan_slam_ws/install/swarm_gan_slam/share/ament_index
creating /home/rahul/swarm_gan_slam_ws/install/swarm_gan_slam/share/ament_index/resource_index
creating /home/rahul/swarm_gan_slam_ws/install/swarm_gan_slam/share/ament_index/resource_index/packages
symbolically linking /home/rahul/swarm_gan_slam_ws/build/swarm_gan_slam/resource/swarm_gan_slam -> /home/rahul/swarm_gan_slam_ws/install/swarm_gan_slam/share/ament_index/resource_index/packages
symbolically linking /home/rahul/swarm_gan_slam_ws/build/swarm_gan_slam/package.xml -> /home/rahul/swarm_gan_slam_ws/install/swarm_gan_slam/share/swarm_gan_slam
creating /home/rahul/swarm_gan_slam_ws/install/swarm_gan_slam/share/swarm_gan_slam/launch
symbolically linking /home/rahul/swarm_gan_slam_ws/build/swarm_gan_slam/launch/swarm_launch.py -> /home/rahul/swarm_gan_slam_ws/install/swarm_gan_slam/share/swarm_gan_slam/launch
creating /home/rahul/swarm_gan_slam_ws/install/swarm_gan_slam/share/swarm_gan_slam/worlds
symbolically linking /home/rahul/swarm_gan_slam_ws/build/swarm_gan_slam/worlds/swarm_world.world -> /home/rahul/swarm_gan_slam_ws/install/swarm_gan_slam/share/swarm_gan_slam/worlds
creating /home/rahul/swarm_gan_slam_ws/install/swarm_gan_slam/share/swarm_gan_slam/urdf
symbolically linking /home/rahul/swarm_gan_slam_ws/build/swarm_gan_slam/urdf/rover.urdf -> /home/rahul/swarm_gan_slam_ws/install/swarm_gan_slam/share/swarm_gan_slam/urdf
creating /home/rahul/swarm_gan_slam_ws/install/swarm_gan_slam/share/swarm_gan_slam/models
symbolically linking /home/rahul/swarm_gan_slam_ws/build/swarm_gan_slam/models/rover.sdf -> /home/rahul/swarm_gan_slam_ws/install/swarm_gan_slam/share/swarm_gan_slam/models
